[38;5;112m[Appium][0m Welcome to Appium v2.16.2
[38;5;112m[Appium][0m Non-default server args:
[38;5;112m[Appium][0m { basePath: [32m'/wd/hub'[39m, loglevel: [32m'info'[39m, port: [33m55509[39m }
[38;5;112m[Appium][0m Attempting to load driver uiautomator2...
[38;5;112m[Appium][0m Attempting to load driver xcuitest...
[38;5;112m[Appium][0m Appium REST http interface listener started on http://0.0.0.0:55509/wd/hub
[38;5;112m[Appium][0m You can provide the following URLs in your client code to connect to this server:
	http://192.168.56.1:55509/wd/hub
	http://192.168.56.2:55509/wd/hub
	http://192.168.102.67:55509/wd/hub
	http://127.0.0.1:55509/wd/hub (only accessible from the same host)
[38;5;112m[Appium][0m Available drivers:
[38;5;112m[Appium][0m   - uiautomator2@3.9.7 (automationName 'UiAutomator2')
[38;5;112m[Appium][0m   - xcuitest@8.4.0 (automationName 'XCUITest')
[38;5;112m[Appium][0m No plugins have been installed. Use the "appium plugin" command to install the one(s) you want to use.
[38;5;86m[HTTP][0m [37m-->[39m [37mGET[39m [37m/wd/hub/status[39m [90m{}[39m
[38;5;86m[HTTP][0m [37m<-- GET /wd/hub/status [39m[32m200[39m [90m3 ms - 111[39m [90m[39m
[38;5;86m[HTTP][0m [37m-->[39m [37mGET[39m [37m/wd/hub/status[39m [90m{}[39m
[38;5;86m[HTTP][0m [37m<-- GET /wd/hub/status [39m[32m200[39m [90m1 ms - 111[39m [90m[39m
[38;5;86m[HTTP][0m [37m-->[39m [37mPOST[39m [37m/wd/hub/session[39m [90m{"desiredCapabilities":{"appium:systemPort":8277,"appium:udid":"emulator-5554","appium:autoGrantPermissions":true,"appium:newCommandTimeout":1800,"appium:platformName":"ANDROID","appium:appActivity":".Settings","appium:deviceName":"emulator-5554 (sdk_gphone_x86 - Android 11)","platformName":"Android","appium:automationName":"uiautomator2","appium:platformVersion":"11","appium:appPackage":"com.android.settings"},"capabilities":{"firstMatch":[{"appium:appActivity":".Settings","appium:appPackage":"com.android.settings","appium:autoGrantPermissions":true,"appium:automationName":"uiautomator2","appium:deviceName":"emulator-5554 (sdk_gphone_x86 - Android 11)","appium:newCommandTimeout":1800,"appium:platformName":"ANDROID","appium:platformVersion":"11","appium:systemPort":8277,"appium:udid":"emulator-5554","platformName":"android"}]}}[39m
[38;5;123m[BaseDriver][0m Ignoring capability 'appium:platformName=ANDROID' and using capability 'platformName=android'
[38;5;123m[BaseDriver][0m The capabilities ["platformName"] are standard capabilities and do not require "appium:" prefix
[38;5;112m[Appium][0m Attempting to find matching driver for automationName 'uiautomator2' and platformName 'android'
[38;5;112m[Appium][0m The 'uiautomator2' driver was installed and matched caps.
[38;5;112m[Appium][0m Will require it at C:\Users\Hi\.appium\node_modules\appium-uiautomator2-driver
[38;5;126m[AppiumDriver@7801][0m Appium v2.16.2 creating new AndroidUiautomator2Driver (v3.9.7) session
[38;5;126m[AppiumDriver@7801][0m Checking BaseDriver versions for Appium and AndroidUiautomator2Driver
[38;5;126m[AppiumDriver@7801][0m Appium's BaseDriver version is 9.16.2
[38;5;126m[AppiumDriver@7801][0m AndroidUiautomator2Driver's BaseDriver version is 9.16.2
[38;5;213m[f7a13f2c][0m[38;5;-164m[AndroidUiautomator2Driver@2dd1][0m Session created with session id: f7a13f2c-af35-4399-ab30-358ef6ccf765
[38;5;213m[f7a13f2c][0m[38;5;229m[ADB][0m Found 1 'build-tools' folders under 'C:\Users\Hi\.katalon\tools\android_sdk' (newest first):
[38;5;213m[f7a13f2c][0m[38;5;229m[ADB][0m     C:\Users\Hi\.katalon\tools\android_sdk\build-tools\29.0.3
[38;5;213m[f7a13f2c][0m[38;5;229m[ADB][0m Using 'adb.exe' from 'C:\Users\Hi\.katalon\tools\android_sdk\platform-tools\adb.exe'
[38;5;213m[f7a13f2c][0m[38;5;-164m[AndroidUiautomator2Driver@2dd1][0m Retrieving device list
[38;5;213m[f7a13f2c][0m[38;5;-164m[AndroidUiautomator2Driver@2dd1][0m Using device: emulator-5554
[38;5;213m[f7a13f2c][0m[38;5;229m[ADB][0m Using 'adb.exe' from 'C:\Users\Hi\.katalon\tools\android_sdk\platform-tools\adb.exe'
[38;5;213m[f7a13f2c][0m[38;5;-164m[AndroidUiautomator2Driver@2dd1][0m Starting 'com.android.settings' directly on the device
[38;5;213m[f7a13f2c][0m[38;5;229m[ADB][0m Getting device platform version
[38;5;213m[f7a13f2c][0m[38;5;-164m[AndroidUiautomator2Driver@2dd1][0m Relaxing hidden api policy
[38;5;213m[f7a13f2c][0m[38;5;229m[ADB][0m Using 'aapt2.exe' from 'C:\Users\Hi\.katalon\tools\android_sdk\build-tools\29.0.3\aapt2.exe'
[38;5;213m[f7a13f2c][0m[38;5;-164m[AndroidUiautomator2Driver@2dd1][0m Server packages are not going to be (re)installed
[38;5;213m[f7a13f2c][0m[38;5;229m[ADB][0m Adding packages ["io.appium.settings","io.appium.uiautomator2.server","io.appium.uiautomator2.server.test"] to Doze whitelist
[38;5;213m[f7a13f2c][0m[38;5;-164m[AndroidUiautomator2Driver@2dd1][0m Starting UIAutomator2 server 7.1.9
[38;5;213m[f7a13f2c][0m[38;5;-164m[AndroidUiautomator2Driver@2dd1][0m Using UIAutomator2 server from 'C:\Users\Hi\.appium\node_modules\appium-uiautomator2-driver\node_modules\appium-uiautomator2-server\apks\appium-uiautomator2-server-v7.1.9.apk' and test from 'C:\Users\Hi\.appium\node_modules\appium-uiautomator2-driver\node_modules\appium-uiautomator2-server\apks\appium-uiautomator2-server-debug-androidTest.apk'
[38;5;213m[f7a13f2c][0m[38;5;-164m[AndroidUiautomator2Driver@2dd1][0m Waiting up to 30000ms for UiAutomator2 to be online...
[38;5;213m[f7a13f2c][0m[38;5;-164m[AndroidUiautomator2Driver@2dd1][0m socket hang up
[38;5;213m[f7a13f2c][0m[38;5;-164m[AndroidUiautomator2Driver@2dd1][0m socket hang up
[38;5;213m[f7a13f2c][0m[38;5;-164m[AndroidUiautomator2Driver@2dd1][0m Determined the downstream protocol as 'W3C'
[38;5;213m[f7a13f2c][0m[38;5;-164m[AndroidUiautomator2Driver@2dd1][0m Screen already unlocked, doing nothing
[38;5;213m[f7a13f2c][0m[38;5;-164m[AndroidUiautomator2Driver@2dd1][0m Starting 'com.android.settings/.Settings and waiting for 'com.android.settings/.Settings'
[38;5;213m[f7a13f2c][0m[38;5;126m[AppiumDriver@7801][0m New AndroidUiautomator2Driver session created successfully, session f7a13f2c-af35-4399-ab30-358ef6ccf765 added to master session list
[38;5;213m[f7a13f2c][0m[38;5;86m[HTTP][0m [37m<-- POST /wd/hub/session [39m[32m200[39m [90m4658 ms - 1108[39m [90m[39m
[38;5;213m[f7a13f2c][0m[38;5;86m[HTTP][0m [37m-->[39m [37mGET[39m [37m/wd/hub/session/f7a13f2c-af35-4399-ab30-358ef6ccf765[39m [90m{}[39m
[38;5;213m[f7a13f2c][0m[38;5;-164m[AndroidUiautomator2Driver@2dd1][0m Command 'getSession' has been deprecated and will be removed in a future version of Appium or your driver/plugin. Please use a different method or contact the driver/plugin author to add explicit support for the command before it is removed
[38;5;213m[f7a13f2c][0m[38;5;86m[HTTP][0m [37m<-- GET /wd/hub/session/f7a13f2c-af35-4399-ab30-358ef6ccf765 [39m[32m200[39m [90m10 ms - 328[39m [90m[39m
[38;5;213m[f7a13f2c][0m[38;5;86m[HTTP][0m [37m-->[39m [37mGET[39m [37m/wd/hub/session/f7a13f2c-af35-4399-ab30-358ef6ccf765[39m [90m{}[39m
[38;5;213m[f7a13f2c][0m[38;5;86m[HTTP][0m [37m<-- GET /wd/hub/session/f7a13f2c-af35-4399-ab30-358ef6ccf765 [39m[32m200[39m [90m12 ms - 328[39m [90m[39m
[38;5;86m[HTTP][0m [37m-->[39m [37mGET[39m [37m/wd/hub/status[39m [90m{}[39m
[38;5;86m[HTTP][0m [37m<-- GET /wd/hub/status [39m[32m200[39m [90m1 ms - 111[39m [90m[39m
[38;5;213m[f7a13f2c][0m[38;5;86m[HTTP][0m [37m-->[39m [37mPOST[39m [37m/wd/hub/session/f7a13f2c-af35-4399-ab30-358ef6ccf765/timeouts[39m [90m{"implicit":60000}[39m
[38;5;213m[f7a13f2c][0m[38;5;86m[HTTP][0m [37m<-- POST /wd/hub/session/f7a13f2c-af35-4399-ab30-358ef6ccf765/timeouts [39m[32m200[39m [90m2 ms - 14[39m [90m[39m
[38;5;213m[f7a13f2c][0m[38;5;86m[HTTP][0m [37m-->[39m [37mGET[39m [37m/wd/hub/session/f7a13f2c-af35-4399-ab30-358ef6ccf765/appium/device/system_bars[39m [90m{}[39m
[38;5;213m[f7a13f2c][0m[38;5;86m[HTTP][0m [37m<-- GET /wd/hub/session/f7a13f2c-af35-4399-ab30-358ef6ccf765/appium/device/system_bars [39m[32m200[39m [90m93 ms - 147[39m [90m[39m
[38;5;213m[f7a13f2c][0m[38;5;86m[HTTP][0m [37m-->[39m [37mPOST[39m [37m/wd/hub/session/f7a13f2c-af35-4399-ab30-358ef6ccf765/execute/sync[39m [90m{"script":"mobile:viewportRect","args":[]}[39m
[38;5;213m[f7a13f2c][0m[38;5;-164m[AndroidUiautomator2Driver@2dd1][0m Executing native command 'mobile:viewportRect'
[38;5;213m[f7a13f2c][0m[38;5;86m[HTTP][0m [37m<-- POST /wd/hub/session/f7a13f2c-af35-4399-ab30-358ef6ccf765/execute/sync [39m[32m200[39m [90m13 ms - 55[39m [90m[39m
[38;5;213m[f7a13f2c][0m[38;5;86m[HTTP][0m [37m-->[39m [37mPOST[39m [37m/wd/hub/session/f7a13f2c-af35-4399-ab30-358ef6ccf765/appium/device/activate_app[39m [90m{"bundleId":"com.asianmobile.fakecall"}[39m
[38;5;213m[f7a13f2c][0m[38;5;86m[HTTP][0m [37m<-- POST /wd/hub/session/f7a13f2c-af35-4399-ab30-358ef6ccf765/appium/device/activate_app [39m[32m200[39m [90m130 ms - 14[39m [90m[39m
[38;5;213m[f7a13f2c][0m[38;5;86m[HTTP][0m [37m-->[39m [37mGET[39m [37m/wd/hub/session/f7a13f2c-af35-4399-ab30-358ef6ccf765/source[39m [90m{}[39m
[38;5;213m[f7a13f2c][0m[38;5;-164m[AndroidUiautomator2Driver@2dd1][0m Driver proxy active, passing request on via HTTP proxy
[38;5;213m[f7a13f2c][0m[38;5;-164m[AndroidUiautomator2Driver@2dd1][0m Replacing sessionId 62e9910d-fb0e-4ef4-bda1-4beef8aa8528 with f7a13f2c-af35-4399-ab30-358ef6ccf765
[38;5;213m[f7a13f2c][0m[38;5;86m[HTTP][0m [37m<-- GET /wd/hub/session/f7a13f2c-af35-4399-ab30-358ef6ccf765/source [39m[32m200[39m [90m763 ms - 3765[39m [90m[39m
[38;5;213m[f7a13f2c][0m[38;5;86m[HTTP][0m [37m-->[39m [37mGET[39m [37m/wd/hub/session/f7a13f2c-af35-4399-ab30-358ef6ccf765/screenshot[39m [90m{}[39m
[38;5;213m[f7a13f2c][0m[38;5;86m[HTTP][0m [37m<-- GET /wd/hub/session/f7a13f2c-af35-4399-ab30-358ef6ccf765/screenshot [39m[32m200[39m [90m99 ms - 17620[39m [90m[39m
[38;5;213m[f7a13f2c][0m[38;5;86m[HTTP][0m [37m-->[39m [37mGET[39m [37m/wd/hub/session/f7a13f2c-af35-4399-ab30-358ef6ccf765/source[39m [90m{}[39m
[38;5;213m[f7a13f2c][0m[38;5;-164m[AndroidUiautomator2Driver@2dd1][0m Driver proxy [38;5;182m[cf289f06][0m[38;5;-16m[AndroidUiautomator2Driver@edd2][0m Shutting down because we waited 1800 seconds for a command
[38;5;182m[cf289f06][0m[38;5;111m[AppiumDriver@d4af][0m Ending session, cause was 'New Command Timeout of 1800 seconds expired. Try customizing the timeout using the 'newCommandTimeout' desired capability'
[38;5;182m[cf289f06][0m[38;5;111m[AppiumDriver@d4af][0m Removing session 'cf289f06-5d4d-47cc-a822-b4da877d9a30' from our master session list
[38;5;182m[cf289f06][0m[38;5;-16m[AndroidUiautomator2Driver@edd2][0m Did not get confirmation UiAutomator2 deleteSession worked; Error was: UnknownError: An unknown server-side error occurred while processing the command. Original error: 'DELETE /' cannot be proxied to UiAutomator2 server because the instrumentation process is not running (probably crashed). Check the server log and/or the logcat output for more details
[38;5;182m[cf289f06][0m[38;5;229m[ADB][0m Error sending command, reconnecting device and retrying: shell,dumpsys,activity,services,io.appium.settings/.recorder.RecorderService
[38;5;182m[cf289f06][0m[38;5;229m[ADB][0m Error sending command, reconnecting device and retrying: shell,am,force-stop,com.android.settings
[38;5;182m[cf289f06][0m[38;5;-16m[AndroidUiautomator2Driver@edd2][0m Unable to force stop app: Error executing adbExec. Original error: 'Command 'C:\\Users\\Hi\\.katalon\\tools\\android_sdk\\platform-tools\\adb.exe -P 5037 -s emulator-5556 shell am force-stop com.android.settings' exited with code 1'; Command output: error: device 'emulator-5556' not found

[38;5;182m[cf289f06][0m[38;5;229m[ADB][0m Error sending command, reconnecting device and retrying: forward,--remove,tcp:8283
[38;5;182m[cf289f06][0m[38;5;-16m[AndroidUiautomator2Driver@edd2][0m Unable to remove system port forward: Error executing adbExec. Original error: 'Command 'C:\\Users\\Hi\\.katalon\\tools\\android_sdk\\platform-tools\\adb.exe -P 5037 -s emulator-5556 forward --remove tcp\:8283' exited with code 1'; Command output: adb.exe: error: device 'emulator-5556' not found

[38;5;182m[cf289f06][0m[38;5;-16m[AndroidUiautomator2Driver@edd2][0m Restoring hidden api policy to the device default configuration
[38;5;182m[cf289f06][0m[38;5;229m[ADB][0m Error sending command, reconnecting device and retrying: shell,settings delete global hidden_api_policy_pre_p_apps;settings delete global hidden_api_policy_p_apps;settings delete global hidden_api_policy
{}[39m
[38;5;213m[f7a13f2c][0m[38;5;-164m[AndroidUiautomator2Driver@2dd1][0m Driver proxy active, passing request on via HTTP proxy
[38;5;213m[f7a13f2c][0m[38;5;-164m[AndroidUiautomator2Driver@2dd1][0m Replacing sessionId 62e9910d-fb0e-4ef4-bda1-4beef8aa8528 with f7a13f2c-af35-4399-ab30-358ef6ccf765
[38;5;213m[f7a13f2c][0m[38;5;86m[HTTP][0m [37m<-- GET /wd/hub/session/f7a13f2c-af35-4399-ab30-358ef6ccf765/element/00000000-0000-006a-ffff-ffff000002fd/size [39m[32m200[39m [90m10 ms - 87[39m [90m[39m
[38;5;213m[f7a13f2c][0m[38;5;86m[HTTP][0m [37m-->[39m [37mDELETE[39m [37m/wd/hub/session/f7a13f2c-af35-4399-ab30-358ef6ccf765[39m [90m{}[39m
[38;5;213m[f7a13f2c][0m[38;5;126m[AppiumDriver@7801][0m Removing session f7a13f2c-af35-4399-ab30-358ef6ccf765 from our master session list
[38;5;213m[f7a13f2c][0m[38;5;-164m[AndroidUiautomator2Driver@2dd1][0m Restoring hidden api policy to the device default configuration
[38;5;213m[f7a13f2c][0m[38;5;86m[HTTP][0m [37m<-- DELETE /wd/hub/session/f7a13f2c-af35-4399-ab30-358ef6ccf765 [39m[32m200[39m [90m186 ms - 14[39m [90m[39m
